c:\users\moone\source\repos\makeproject\makeproject\x64\debug\makeproject.pch
c:\users\moone\source\repos\makeproject\makeproject\x64\debug\vc143.pdb
c:\users\moone\source\repos\makeproject\makeproject\x64\debug\vc143.idb
c:\users\moone\source\repos\makeproject\makeproject\x64\debug\pch.obj
c:\users\moone\source\repos\makeproject\makeproject\x64\debug\utility.obj
c:\users\moone\source\repos\makeproject\makeproject\x64\debug\makeproject.obj
c:\users\moone\source\repos\makeproject\makeproject\x64\debug\buttonmanager.obj
c:\users\moone\source\repos\makeproject\makeproject\x64\debug\button.obj
c:\users\moone\source\repos\makeproject\makeproject\x64\debug\makeproject.res
c:\users\moone\source\repos\makeproject\x64\debug\makeproject.pdb
c:\users\moone\source\repos\makeproject\makeproject\x64\debug\makeproject.tlog\cl.command.1.tlog
c:\users\moone\source\repos\makeproject\makeproject\x64\debug\makeproject.tlog\cl.read.1.tlog
c:\users\moone\source\repos\makeproject\makeproject\x64\debug\makeproject.tlog\cl.write.1.tlog
c:\users\moone\source\repos\makeproject\makeproject\x64\debug\makeproject.tlog\link-cvtres.read.1.tlog
c:\users\moone\source\repos\makeproject\makeproject\x64\debug\makeproject.tlog\link-cvtres.write.1.tlog
c:\users\moone\source\repos\makeproject\makeproject\x64\debug\makeproject.tlog\link-rc.read.1.tlog
c:\users\moone\source\repos\makeproject\makeproject\x64\debug\makeproject.tlog\link-rc.write.1.tlog
c:\users\moone\source\repos\makeproject\makeproject\x64\debug\makeproject.tlog\link.command.1.tlog
c:\users\moone\source\repos\makeproject\makeproject\x64\debug\makeproject.tlog\link.read.1.tlog
c:\users\moone\source\repos\makeproject\makeproject\x64\debug\makeproject.tlog\link.read.2.tlog
c:\users\moone\source\repos\makeproject\makeproject\x64\debug\makeproject.tlog\link.write.1.tlog
c:\users\moone\source\repos\makeproject\makeproject\x64\debug\makeproject.tlog\rc.command.1.tlog
c:\users\moone\source\repos\makeproject\makeproject\x64\debug\makeproject.tlog\rc.read.1.tlog
c:\users\moone\source\repos\makeproject\makeproject\x64\debug\makeproject.tlog\rc.write.1.tlog
